<?xml version="1.0" encoding="UTF-8"?>
<testsuite xmlns:xsi="http://www.w3.org/2001/XMLSchema-instance" xsi:noNamespaceSchemaLocation="https://maven.apache.org/surefire/maven-surefire-plugin/xsd/surefire-test-report-3.0.xsd" version="3.0" name="itson.implementaciones.EventosDAOTest" time="1.47" tests="21" errors="0" skipped="0" failures="0">
  <properties>
    <property name="java.specification.version" value="21"/>
    <property name="sun.cpu.isalist" value="amd64"/>
    <property name="sun.jnu.encoding" value="Cp1252"/>
    <property name="java.class.path" value="C:\Users\pc\Documents\GitHub\Sistema-Restaurante\Proyecto-2-BDA\sistemaeventos\eventos_persistencia\target\test-classes;C:\Users\pc\Documents\GitHub\Sistema-Restaurante\Proyecto-2-BDA\sistemaeventos\eventos_persistencia\target\classes;C:\Users\pc\Documents\GitHub\Sistema-Restaurante\Proyecto-2-BDA\sistemaeventos\eventos_dominio\target\eventos_dominio-1.0-SNAPSHOT.jar;C:\Users\pc\.m2\repository\com\mysql\mysql-connector-j\9.3.0\mysql-connector-j-9.3.0.jar;C:\Users\pc\.m2\repository\com\google\protobuf\protobuf-java\4.29.0\protobuf-java-4.29.0.jar;C:\Users\pc\.m2\repository\org\eclipse\persistence\org.eclipse.persistence.core\2.7.12\org.eclipse.persistence.core-2.7.12.jar;C:\Users\pc\.m2\repository\org\eclipse\persistence\org.eclipse.persistence.asm\9.4.0\org.eclipse.persistence.asm-9.4.0.jar;C:\Users\pc\.m2\repository\org\eclipse\persistence\org.eclipse.persistence.antlr\2.7.12\org.eclipse.persistence.antlr-2.7.12.jar;C:\Users\pc\.m2\repository\org\eclipse\persistence\org.eclipse.persistence.jpa\2.7.12\org.eclipse.persistence.jpa-2.7.12.jar;C:\Users\pc\.m2\repository\org\eclipse\persistence\org.eclipse.persistence.jpa.jpql\2.7.12\org.eclipse.persistence.jpa.jpql-2.7.12.jar;C:\Users\pc\.m2\repository\org\eclipse\persistence\org.eclipse.persistence.moxy\2.7.12\org.eclipse.persistence.moxy-2.7.12.jar;C:\Users\pc\.m2\repository\org\eclipse\persistence\jakarta.persistence\2.2.3\jakarta.persistence-2.2.3.jar;C:\Users\pc\.m2\repository\org\junit\jupiter\junit-jupiter-api\5.10.3\junit-jupiter-api-5.10.3.jar;C:\Users\pc\.m2\repository\org\opentest4j\opentest4j\1.3.0\opentest4j-1.3.0.jar;C:\Users\pc\.m2\repository\org\junit\platform\junit-platform-commons\1.10.3\junit-platform-commons-1.10.3.jar;C:\Users\pc\.m2\repository\org\apiguardian\apiguardian-api\1.1.2\apiguardian-api-1.1.2.jar;C:\Users\pc\.m2\repository\org\junit\jupiter\junit-jupiter-params\5.10.3\junit-jupiter-params-5.10.3.jar;C:\Users\pc\.m2\repository\org\junit\jupiter\junit-jupiter-engine\5.10.3\junit-jupiter-engine-5.10.3.jar;C:\Users\pc\.m2\repository\org\junit\platform\junit-platform-engine\1.10.3\junit-platform-engine-1.10.3.jar;"/>
    <property name="java.vm.vendor" value="Oracle Corporation"/>
    <property name="sun.arch.data.model" value="64"/>
    <property name="user.variant" value=""/>
    <property name="java.vendor.url" value="https://java.oracle.com/"/>
    <property name="user.timezone" value="America/Hermosillo"/>
    <property name="os.name" value="Windows 11"/>
    <property name="java.vm.specification.version" value="21"/>
    <property name="user.country" value="MX"/>
    <property name="sun.java.launcher" value="SUN_STANDARD"/>
    <property name="sun.boot.library.path" value="C:\Program Files\Java\jdk-21\bin"/>
    <property name="sun.java.command" value="C:\Users\pc\AppData\Local\Temp\surefire14244099129603128285\surefirebooter-20250518203644105_3.jar C:\Users\pc\AppData\Local\Temp\surefire14244099129603128285 2025-05-18T20-36-42_730-jvmRun1 surefire-20250518203644105_1tmp surefire_0-20250518203644105_2tmp"/>
    <property name="jdk.debug" value="release"/>
    <property name="surefire.test.class.path" value="C:\Users\pc\Documents\GitHub\Sistema-Restaurante\Proyecto-2-BDA\sistemaeventos\eventos_persistencia\target\test-classes;C:\Users\pc\Documents\GitHub\Sistema-Restaurante\Proyecto-2-BDA\sistemaeventos\eventos_persistencia\target\classes;C:\Users\pc\Documents\GitHub\Sistema-Restaurante\Proyecto-2-BDA\sistemaeventos\eventos_dominio\target\eventos_dominio-1.0-SNAPSHOT.jar;C:\Users\pc\.m2\repository\com\mysql\mysql-connector-j\9.3.0\mysql-connector-j-9.3.0.jar;C:\Users\pc\.m2\repository\com\google\protobuf\protobuf-java\4.29.0\protobuf-java-4.29.0.jar;C:\Users\pc\.m2\repository\org\eclipse\persistence\org.eclipse.persistence.core\2.7.12\org.eclipse.persistence.core-2.7.12.jar;C:\Users\pc\.m2\repository\org\eclipse\persistence\org.eclipse.persistence.asm\9.4.0\org.eclipse.persistence.asm-9.4.0.jar;C:\Users\pc\.m2\repository\org\eclipse\persistence\org.eclipse.persistence.antlr\2.7.12\org.eclipse.persistence.antlr-2.7.12.jar;C:\Users\pc\.m2\repository\org\eclipse\persistence\org.eclipse.persistence.jpa\2.7.12\org.eclipse.persistence.jpa-2.7.12.jar;C:\Users\pc\.m2\repository\org\eclipse\persistence\org.eclipse.persistence.jpa.jpql\2.7.12\org.eclipse.persistence.jpa.jpql-2.7.12.jar;C:\Users\pc\.m2\repository\org\eclipse\persistence\org.eclipse.persistence.moxy\2.7.12\org.eclipse.persistence.moxy-2.7.12.jar;C:\Users\pc\.m2\repository\org\eclipse\persistence\jakarta.persistence\2.2.3\jakarta.persistence-2.2.3.jar;C:\Users\pc\.m2\repository\org\junit\jupiter\junit-jupiter-api\5.10.3\junit-jupiter-api-5.10.3.jar;C:\Users\pc\.m2\repository\org\opentest4j\opentest4j\1.3.0\opentest4j-1.3.0.jar;C:\Users\pc\.m2\repository\org\junit\platform\junit-platform-commons\1.10.3\junit-platform-commons-1.10.3.jar;C:\Users\pc\.m2\repository\org\apiguardian\apiguardian-api\1.1.2\apiguardian-api-1.1.2.jar;C:\Users\pc\.m2\repository\org\junit\jupiter\junit-jupiter-params\5.10.3\junit-jupiter-params-5.10.3.jar;C:\Users\pc\.m2\repository\org\junit\jupiter\junit-jupiter-engine\5.10.3\junit-jupiter-engine-5.10.3.jar;C:\Users\pc\.m2\repository\org\junit\platform\junit-platform-engine\1.10.3\junit-platform-engine-1.10.3.jar;"/>
    <property name="sun.cpu.endian" value="little"/>
    <property name="user.home" value="C:\Users\pc"/>
    <property name="user.language" value="es"/>
    <property name="java.specification.vendor" value="Oracle Corporation"/>
    <property name="java.version.date" value="2025-01-21"/>
    <property name="java.home" value="C:\Program Files\Java\jdk-21"/>
    <property name="file.separator" value="\"/>
    <property name="basedir" value="C:\Users\pc\Documents\GitHub\Sistema-Restaurante\Proyecto-2-BDA\sistemaeventos\eventos_persistencia"/>
    <property name="java.vm.compressedOopsMode" value="Zero based"/>
    <property name="line.separator" value="&#10;"/>
    <property name="java.vm.specification.vendor" value="Oracle Corporation"/>
    <property name="java.specification.name" value="Java Platform API Specification"/>
    <property name="surefire.real.class.path" value="C:\Users\pc\AppData\Local\Temp\surefire14244099129603128285\surefirebooter-20250518203644105_3.jar"/>
    <property name="user.script" value=""/>
    <property name="sun.management.compiler" value="HotSpot 64-Bit Tiered Compilers"/>
    <property name="java.runtime.version" value="21.0.6+8-LTS-188"/>
    <property name="user.name" value="pc"/>
    <property name="stdout.encoding" value="Cp1252"/>
    <property name="path.separator" value=";"/>
    <property name="os.version" value="10.0"/>
    <property name="java.runtime.name" value="Java(TM) SE Runtime Environment"/>
    <property name="file.encoding" value="UTF-8"/>
    <property name="java.vm.name" value="Java HotSpot(TM) 64-Bit Server VM"/>
    <property name="maven.ext.class.path" value="C:\Program Files\NetBeans-24\netbeans\java\maven-nblib\netbeans-eventspy.jar"/>
    <property name="localRepository" value="C:\Users\pc\.m2\repository"/>
    <property name="java.vendor.url.bug" value="https://bugreport.java.com/bugreport/"/>
    <property name="java.io.tmpdir" value="C:\Users\pc\AppData\Local\Temp\"/>
    <property name="java.version" value="21.0.6"/>
    <property name="user.dir" value="C:\Users\pc\Documents\GitHub\Sistema-Restaurante\Proyecto-2-BDA\sistemaeventos\eventos_persistencia"/>
    <property name="os.arch" value="amd64"/>
    <property name="java.vm.specification.name" value="Java Virtual Machine Specification"/>
    <property name="sun.os.patch.level" value=""/>
    <property name="native.encoding" value="Cp1252"/>
    <property name="java.library.path" value="C:\Program Files\Java\jdk-21\bin;C:\WINDOWS\Sun\Java\bin;C:\WINDOWS\system32;C:\WINDOWS;C:\Program Files\Common Files\Oracle\Java\javapath;C:\WINDOWS\system32;C:\WINDOWS;C:\WINDOWS\System32\Wbem;C:\WINDOWS\System32\WindowsPowerShell\v1.0\;C:\WINDOWS\System32\OpenSSH\;C:\Program Files (x86)\NVIDIA Corporation\PhysX\Common;C:\Program Files\Java\jdk1.8.0_202\bin;C:\Program Files (x86)\Microsoft SQL Server\150\Tools\Binn\;C:\Program Files\Microsoft SQL Server\150\Tools\Binn\;C:\Program Files (x86)\Microsoft SQL Server\150\DTS\Binn\;C:\Program Files\Microsoft SQL Server\150\DTS\Binn\;C:\Program Files\Microsoft SQL Server\Client SDK\ODBC\170\Tools\Binn\;C:\Program Files\Azure Data Studio\bin;C:\WINDOWS\system32;C:\WINDOWS;C:\WINDOWS\System32\Wbem;C:\WINDOWS\System32\WindowsPowerShell\v1.0\;C:\WINDOWS\System32\OpenSSH\;C:\Program Files\NVIDIA Corporation\NVIDIA app\NvDLISR;C:\Program Files\Git\cmd;C:\Program Files\PowerShell\7\;C:\Users\pc\Downloads\mongosh-2.5.0-win32-x64\mongosh-2.5.0-win32-x64\bin;C:\Users\pc\AppData\Local\Microsoft\WindowsApps;C:\Users\pc\.dotnet\tools;C:\Program Files\Azure Data Studio\bin;C:\Users\pc\AppData\Local\Programs\Microsoft VS Code\bin;C:\Users\pc\AppData\Local\Microsoft\WindowsApps;C:\Users\pc\AppData\Local\GitHubDesktop\bin;."/>
    <property name="java.vm.info" value="mixed mode, sharing"/>
    <property name="stderr.encoding" value="Cp1252"/>
    <property name="java.vendor" value="Oracle Corporation"/>
    <property name="java.vm.version" value="21.0.6+8-LTS-188"/>
    <property name="sun.io.unicode.encoding" value="UnicodeLittle"/>
    <property name="java.class.version" value="65.0"/>
  </properties>
  <testcase name="testBuscarEventosPorFiltro_PorFechaInicio" classname="itson.implementaciones.EventosDAOTest" time="0.133">
    <system-out><![CDATA[buscarEventosPorFiltro_PorFechaInicio
]]></system-out>
  </testcase>
  <testcase name="testGuardarEvento_LugarActividadNoEncontrado" classname="itson.implementaciones.EventosDAOTest" time="0.05">
    <system-out><![CDATA[guardarEvento_LugarActividadNoEncontrado
]]></system-out>
  </testcase>
  <testcase name="testGuardarEvento_ResponsableEventoNoEncontrado" classname="itson.implementaciones.EventosDAOTest" time="0.004">
    <system-out><![CDATA[guardarEvento_ResponsableEventoNoEncontrado
]]></system-out>
  </testcase>
  <testcase name="testEliminarEvento_NoEncontrado" classname="itson.implementaciones.EventosDAOTest" time="0.003">
    <system-out><![CDATA[eliminarEvento_NoEncontrado
]]></system-out>
  </testcase>
  <testcase name="testBuscarEventoPorId_Exitoso" classname="itson.implementaciones.EventosDAOTest" time="0.04">
    <system-out><![CDATA[buscarEventoPorId_Exitoso
]]></system-out>
  </testcase>
  <testcase name="testModificarEstadoEvento_Exitoso" classname="itson.implementaciones.EventosDAOTest" time="0.049">
    <system-out><![CDATA[modificarEstadoEvento_Exitoso
]]></system-out>
  </testcase>
  <testcase name="testModificarEvento_Exitoso_CambioSimple" classname="itson.implementaciones.EventosDAOTest" time="0.045">
    <system-out><![CDATA[modificarEvento_Exitoso_CambioSimple
]]></system-out>
  </testcase>
  <testcase name="testBuscarEventosPorFiltro_FiltroDTOVacio" classname="itson.implementaciones.EventosDAOTest" time="0.11">
    <system-out><![CDATA[buscarEventosPorFiltro_FiltroDTOVacio
]]></system-out>
  </testcase>
  <testcase name="testBuscarEventosPorFiltro_PorModalidad" classname="itson.implementaciones.EventosDAOTest" time="0.096">
    <system-out><![CDATA[buscarEventosPorFiltro_PorModalidad
]]></system-out>
  </testcase>
  <testcase name="testObtenerEventos_Vacio" classname="itson.implementaciones.EventosDAOTest" time="0.006">
    <system-out><![CDATA[obtenerEventos_Vacio
]]></system-out>
  </testcase>
  <testcase name="testBuscarEventosPorFiltro_SinResultados" classname="itson.implementaciones.EventosDAOTest" time="0.108">
    <system-out><![CDATA[buscarEventosPorFiltro_SinResultados
]]></system-out>
  </testcase>
  <testcase name="testObtenerEventos" classname="itson.implementaciones.EventosDAOTest" time="0.073">
    <system-out><![CDATA[obtenerEventos
]]></system-out>
  </testcase>
  <testcase name="testBuscarEventosPorFiltro_PorEstado" classname="itson.implementaciones.EventosDAOTest" time="0.111">
    <system-out><![CDATA[buscarEventosPorFiltro_PorEstado
]]></system-out>
  </testcase>
  <testcase name="testBuscarEventosPorFiltro_Combinado_EstadoYFechaInicio" classname="itson.implementaciones.EventosDAOTest" time="0.142">
    <system-out><![CDATA[buscarEventosPorFiltro_Combinado_EstadoYFechaInicio
]]></system-out>
  </testcase>
  <testcase name="testBuscarEventosPorFiltro_PorTitulo" classname="itson.implementaciones.EventosDAOTest" time="0.154">
    <system-out><![CDATA[buscarEventosPorFiltro_PorTitulo
]]></system-out>
  </testcase>
  <testcase name="testEliminarEvento_Exitoso" classname="itson.implementaciones.EventosDAOTest" time="0.032">
    <system-out><![CDATA[eliminarEvento_Exitoso
]]></system-out>
  </testcase>
  <testcase name="testGuardarEventoConActividades_Exitoso" classname="itson.implementaciones.EventosDAOTest" time="0.088">
    <system-out><![CDATA[guardarEventoConActividades_Exitoso
]]></system-out>
  </testcase>
  <testcase name="testBuscarEventosPorFiltro_Combinado_TituloYModalidad" classname="itson.implementaciones.EventosDAOTest" time="0.113">
    <system-out><![CDATA[buscarEventosPorFiltro_Combinado_TituloYModalidad
]]></system-out>
  </testcase>
  <testcase name="testBuscarEventoPorId_NoEncontrado" classname="itson.implementaciones.EventosDAOTest" time="0.003">
    <system-out><![CDATA[buscarEventoPorId_NoEncontrado
]]></system-out>
  </testcase>
  <testcase name="testModificarEvento_EventoNoEncontrado" classname="itson.implementaciones.EventosDAOTest" time="0.002">
    <system-out><![CDATA[modificarEvento_EventoNoEncontrado
]]></system-out>
  </testcase>
  <testcase name="testBuscarEventosPorFiltro_PorFechaFin" classname="itson.implementaciones.EventosDAOTest" time="0.099">
    <system-out><![CDATA[buscarEventosPorFiltro_PorFechaFin
]]></system-out>
  </testcase>
</testsuite>